<?xml version="1.0" encoding="UTF-8"?>
<testng-results ignored="0" total="1" passed="1" failed="0" skipped="0">
  <reporter-output>
  </reporter-output>
  <suite started-at="2022-04-09T18:00:13 EDT" name="Default suite" finished-at="2022-04-09T18:00:17 EDT" duration-ms="3361">
    <groups>
    </groups>
    <test started-at="2022-04-09T18:00:13 EDT" name="Default test" finished-at="2022-04-09T18:00:17 EDT" duration-ms="3361">
      <class name="test.LoginTest">
        <test-method signature="validUserSouldBeAbleToLogin()[pri:0, instance:test.LoginTest@76884e4b]" started-at="2022-04-09T18:00:13 EDT" name="validUserSouldBeAbleToLogin" finished-at="2022-04-09T18:00:17 EDT" duration-ms="3338" status="PASS">
          <reporter-output>
          </reporter-output>
        </test-method> <!-- validUserSouldBeAbleToLogin -->
      </class> <!-- test.LoginTest -->
    </test> <!-- Default test -->
  </suite> <!-- Default suite -->
</testng-results>
